Start testing: Sep 07 19:14 Eastern Daylight Time
----------------------------------------------------------
1/3 Testing: Square root of positive numbers
1/3 Test: Square root of positive numbers
Command: "C:/Users/brand/cmake-catch2-lab/build/Debug/unit_tests.exe" "Square root of positive numbers"
Directory: C:/Users/brand/cmake-catch2-lab/build
"Square root of positive numbers" start time: Sep 07 19:14 Eastern Daylight Time
Output:
----------------------------------------------------------
Filters: "Square root of positive numbers"
Randomness seeded to: 3301985116
===============================================================================
All tests passed (2 assertions in 1 test case)

<end of output>
Test time =   0.02 sec
----------------------------------------------------------
Test Passed.
"Square root of positive numbers" end time: Sep 07 19:14 Eastern Daylight Time
"Square root of positive numbers" time elapsed: 00:00:00
----------------------------------------------------------

2/3 Testing: Square root of negative numbers
2/3 Test: Square root of negative numbers
Command: "C:/Users/brand/cmake-catch2-lab/build/Debug/unit_tests.exe" "Square root of negative numbers"
Directory: C:/Users/brand/cmake-catch2-lab/build
"Square root of negative numbers" start time: Sep 07 19:14 Eastern Daylight Time
Output:
----------------------------------------------------------
Filters: "Square root of negative numbers"
Randomness seeded to: 2918795361
===============================================================================
All tests passed (1 assertion in 1 test case)

<end of output>
Test time =   0.02 sec
----------------------------------------------------------
Test Passed.
"Square root of negative numbers" end time: Sep 07 19:14 Eastern Daylight Time
"Square root of negative numbers" time elapsed: 00:00:00
----------------------------------------------------------

3/3 Testing: Square root of non-perfect square
3/3 Test: Square root of non-perfect square
Command: "C:/Users/brand/cmake-catch2-lab/build/Debug/unit_tests.exe" "Square root of non-perfect square"
Directory: C:/Users/brand/cmake-catch2-lab/build
"Square root of non-perfect square" start time: Sep 07 19:14 Eastern Daylight Time
Output:
----------------------------------------------------------
Filters: "Square root of non-perfect square"
Randomness seeded to: 3639528530
===============================================================================
All tests passed (1 assertion in 1 test case)

<end of output>
Test time =   0.03 sec
----------------------------------------------------------
Test Passed.
"Square root of non-perfect square" end time: Sep 07 19:14 Eastern Daylight Time
"Square root of non-perfect square" time elapsed: 00:00:00
----------------------------------------------------------

End testing: Sep 07 19:14 Eastern Daylight Time
